[2024-11-12 06:05:29] [INFO] La aplicacion AplicacionX ha iniciado correctamente.
[2024-11-12 06:05:29] [INFO] La aplicacion AplicacionX ha comenzado su ejecucion.
[2024-11-12 06:05:29] [INFO] La aplicacion AplicacionX ha finalizado correctamente.
[2024-11-12 06:07:46] [INFO] La aplicacion AplicacionX ha iniciado correctamente.
[2024-11-12 06:07:46] [INFO] La aplicacion AplicacionX ha comenzado su ejecucion.
[2024-11-12 06:07:46] [INFO] La aplicacion AplicacionX ha finalizado correctamente.
[2024-11-12 06:09:30] [INFO] La aplicacion AplicacionX ha iniciado correctamente.
[2024-11-12 06:09:30] [INFO] La aplicacion AplicacionX ha comenzado su ejecucion.
[2024-11-12 06:09:30] [INFO] La aplicacion AplicacionX ha finalizado correctamente.
[2024-11-12 06:10:34] [INFO] La aplicacion AplicacionX ha iniciado correctamente.
[2024-11-12 06:10:34] [INFO] La aplicacion AplicacionX ha comenzado su ejecucion.
[2024-11-12 06:10:37] [INFO] Texto: Seleccione la opcion: | Ubicacion: Menu Principal | Tipo: ENTERO_POSITIVO | Dato proporcionado: 1
[2024-11-12 06:10:38] [INFO] Texto: Seleccione la opcion: | Ubicacion: Menu Principal | Tipo: ENTERO_POSITIVO | Dato proporcionado: 2
[2024-11-12 06:10:40] [INFO] Texto: Seleccione la opcion: | Ubicacion: Menu Principal | Tipo: ENTERO_POSITIVO | Dato proporcionado: 3
[2024-11-12 06:10:42] [INFO] Texto: Seleccione la opcion: | Ubicacion: Menu Principal | Tipo: ENTERO_POSITIVO | Dato proporcionado: 4
[2024-11-12 06:10:43] [INFO] Texto: Seleccione la opcion: | Ubicacion: Menu Aplicacion | Tipo: ENTERO_POSITIVO | Dato proporcionado: 1
[2024-11-12 06:10:44] [INFO] Texto: Seleccione la opcion: | Ubicacion: Menu Aplicacion | Tipo: ENTERO_POSITIVO | Dato proporcionado: 2
[2024-11-12 06:10:45] [INFO] Texto: Seleccione la opcion: | Ubicacion: Menu Aplicacion | Tipo: ENTERO_POSITIVO | Dato proporcionado: 3
[2024-11-12 06:10:46] [INFO] Texto: Seleccione la opcion: | Ubicacion: Menu Aplicacion | Tipo: ENTERO_POSITIVO | Dato proporcionado: 4
[2024-11-12 06:10:48] [INFO] Texto: Seleccione la opcion: | Ubicacion: Menu Principal | Tipo: ENTERO_POSITIVO | Dato proporcionado: 5
[2024-11-12 06:10:48] [INFO] La aplicacion AplicacionX ha finalizado correctamente.
[2024-11-12 06:11:58] [INFO] La aplicacion AplicacionX ha iniciado correctamente.
[2024-11-12 06:11:58] [INFO] La aplicacion AplicacionX ha comenzado su ejecucion.
[2024-11-12 06:12:01] [INFO] Texto: Seleccione la opcion: | Ubicacion: Menu Principal | Tipo: ENTERO_POSITIVO | Dato proporcionado: 5
[2024-11-12 06:12:01] [INFO] La aplicacion AplicacionX ha finalizado correctamente.
[2024-11-12 06:14:23] [INFO] La aplicacion AplicacionX ha iniciado correctamente.
[2024-11-12 06:14:23] [INFO] La aplicacion AplicacionX ha comenzado su ejecucion.
[2024-11-12 06:14:26] [INFO] Texto: Seleccione la opcion: | Ubicacion: Menu Principal | Tipo: ENTERO_POSITIVO | Dato proporcionado: 5
[2024-11-12 06:20:04] [INFO] La aplicacion AplicacionX ha iniciado correctamente.
[2024-11-12 06:20:04] [INFO] La aplicacion AplicacionX ha comenzado su ejecucion.
[2024-11-12 06:20:07] [INFO] Texto: Seleccione la opcion: | Ubicacion: Menu Principal | Tipo: ENTERO_POSITIVO | Dato proporcionado: 5
[2024-11-12 06:22:11] [INFO] La aplicacion AplicacionX ha iniciado correctamente.
[2024-11-12 06:22:11] [INFO] La aplicacion AplicacionX ha comenzado su ejecucion.
[2024-11-12 06:22:14] [INFO] Texto: Seleccione la opcion: | Ubicacion: Menu Principal | Tipo: ENTERO_POSITIVO | Dato proporcionado: 5
[2024-11-12 06:22:14] [INFO] La aplicacion AplicacionX ha finalizado correctamente.
[2024-11-12 06:26:21] [INFO] La aplicacion AplicacionX ha iniciado correctamente.
[2024-11-12 06:26:21] [INFO] La aplicacion AplicacionX ha comenzado su ejecucion.
[2024-11-12 06:26:23] [INFO] Texto: Seleccione la opcion: | Ubicacion: Menu Principal | Tipo: ENTERO_POSITIVO | Dato proporcionado: 5
[2024-11-12 06:26:24] [INFO] Texto: Ingresa un numero entero positivo: | Ubicacion: AplicacionX | Tipo: ENTERO_POSITIVO | Dato proporcionado: 4
[2024-11-12 06:26:24] [INFO] La aplicacion AplicacionX ha finalizado correctamente.
[2024-11-12 06:28:55] [INFO] La aplicacion AplicacionX ha iniciado correctamente.
[2024-11-12 06:28:55] [INFO] La aplicacion AplicacionX ha comenzado su ejecucion.
[2024-11-12 06:28:57] [INFO] Texto: Seleccione la opcion: | Ubicacion: Menu Principal | Tipo: ENTERO_POSITIVO | Dato proporcionado: 1
[2024-11-12 06:28:58] [INFO] Texto: Seleccione la opcion: | Ubicacion: Menu Principal | Tipo: ENTERO_POSITIVO | Dato proporcionado: 2
[2024-11-12 06:28:59] [INFO] Texto: Seleccione la opcion: | Ubicacion: Menu Principal | Tipo: ENTERO_POSITIVO | Dato proporcionado: 3
[2024-11-12 06:29:02] [INFO] Texto: Seleccione la opcion: | Ubicacion: Menu Principal | Tipo: ENTERO_POSITIVO | Dato proporcionado: 0
[2024-11-12 06:29:02] [ERROR] TipoDatoIncorrecto: El tipo de dato no coincide, se espera un ENTERO_POSITIVO.
[2024-11-12 06:29:07] [INFO] Texto: Seleccione la opcion: | Ubicacion: Menu Principal | Tipo: ENTERO_POSITIVO | Dato proporcionado: 7
[2024-11-12 06:29:07] [ERROR] Menu: Opcion no valida. Intenta de nuevo.
[2024-11-12 06:29:21] [INFO] Texto: Seleccione la opcion: | Ubicacion: Menu Principal | Tipo: ENTERO_POSITIVO | Dato proporcionado: -6
[2024-11-12 06:29:21] [ERROR] TipoDatoIncorrecto: El tipo de dato no coincide, se espera un ENTERO_POSITIVO.
[2024-11-12 06:29:29] [INFO] Texto: Seleccione la opcion: | Ubicacion: Menu Principal | Tipo: ENTERO_POSITIVO | Dato proporcionado: 4
[2024-11-12 06:29:30] [INFO] Texto: Seleccione la opcion: | Ubicacion: Menu Aplicacion | Tipo: ENTERO_POSITIVO | Dato proporcionado: 4
[2024-11-12 06:29:32] [INFO] Texto: Seleccione la opcion: | Ubicacion: Menu Principal | Tipo: ENTERO_POSITIVO | Dato proporcionado: 5
[2024-11-12 06:29:36] [INFO] Texto: Ingresa un numero entero positivo: | Ubicacion: AplicacionX | Tipo: ENTERO_POSITIVO | Dato proporcionado: -0
[2024-11-12 06:29:36] [ERROR] TipoDatoIncorrecto: El tipo de dato no coincide, se espera un ENTERO_POSITIVO.
[2024-11-12 06:29:38] [INFO] Texto: Ingresa un numero entero positivo: | Ubicacion: AplicacionX | Tipo: ENTERO_POSITIVO | Dato proporcionado: 0
[2024-11-12 06:29:38] [ERROR] TipoDatoIncorrecto: El tipo de dato no coincide, se espera un ENTERO_POSITIVO.
[2024-11-12 06:29:39] [INFO] Texto: Ingresa un numero entero positivo: | Ubicacion: AplicacionX | Tipo: ENTERO_POSITIVO | Dato proporcionado: a
[2024-11-12 06:29:39] [ERROR] TipoDatoIncorrecto: El tipo de dato no coincide, se espera un ENTERO_POSITIVO.
[2024-11-12 06:29:42] [INFO] Texto: Ingresa un numero entero positivo: | Ubicacion: AplicacionX | Tipo: ENTERO_POSITIVO | Dato proporcionado: false
[2024-11-12 06:29:42] [ERROR] TipoDatoIncorrecto: El tipo de dato no coincide, se espera un ENTERO_POSITIVO.
[2024-11-12 06:29:50] [INFO] Texto: Ingresa un numero entero positivo: | Ubicacion: AplicacionX | Tipo: ENTERO_POSITIVO | Dato proporcionado: 5.7
[2024-11-12 06:29:50] [ERROR] TipoDatoIncorrecto: El tipo de dato no coincide, se espera un ENTERO_POSITIVO.
[2024-11-12 06:29:53] [INFO] Texto: Ingresa un numero entero positivo: | Ubicacion: AplicacionX | Tipo: ENTERO_POSITIVO | Dato proporcionado: 4
[2024-11-12 06:29:53] [INFO] La aplicacion AplicacionX ha finalizado correctamente.
[2024-11-12 08:42:47] [INFO] La aplicacion AplicacionX ha iniciado correctamente.
[2024-11-12 08:42:47] [INFO] La aplicacion AplicacionX ha comenzado su ejecucion.
[2024-11-12 08:42:53] [INFO] Texto: Seleccione la opcion: | Ubicacion: Menu Principal | Tipo: ENTERO_POSITIVO | Dato proporcionado: 4
[2024-11-12 08:42:55] [INFO] Texto: Seleccione la opcion: | Ubicacion: Menu Aplicacion | Tipo: ENTERO_POSITIVO | Dato proporcionado: 4
[2024-11-12 08:42:55] [INFO] Texto: Seleccione la opcion: | Ubicacion: Menu Principal | Tipo: ENTERO_POSITIVO | Dato proporcionado: 5
[2024-11-12 08:42:58] [INFO] Texto: Ingresa un numero entero positivo: | Ubicacion: AplicacionX | Tipo: ENTERO_POSITIVO | Dato proporcionado: 5
[2024-11-12 08:42:58] [INFO] La aplicacion AplicacionX ha finalizado correctamente.
[2024-11-14 23:28:19] [INFO] La aplicacion AplicacionX ha iniciado correctamente.
[2024-11-14 23:28:19] [INFO] La aplicacion AplicacionX ha comenzado su ejecucion.
[2024-11-14 23:28:19] [ERROR] Conexion_DB: com.postgresql.jdbc.Driver
[2024-11-14 23:28:19] [INFO] La aplicacion AplicacionX ha finalizado correctamente.
[2024-11-14 23:32:25] [INFO] La aplicacion AplicacionX ha iniciado correctamente.
[2024-11-14 23:32:25] [INFO] La aplicacion AplicacionX ha comenzado su ejecucion.
[2024-11-14 23:32:25] [ERROR] Conexion_DB: com.postgresql.jdbc.Driver
[2024-11-14 23:32:25] [INFO] La aplicacion AplicacionX ha finalizado correctamente.
[2024-11-14 23:39:11] [INFO] La aplicacion AplicacionX ha iniciado correctamente.
[2024-11-14 23:39:11] [INFO] La aplicacion AplicacionX ha comenzado su ejecucion.
[2024-11-14 23:39:11] [ERROR] Conexion_DB: org.postrgresql.Driver
[2024-11-14 23:39:11] [INFO] La aplicacion AplicacionX ha finalizado correctamente.
[2024-11-14 23:39:30] [INFO] La aplicacion AplicacionX ha iniciado correctamente.
[2024-11-14 23:39:30] [INFO] La aplicacion AplicacionX ha comenzado su ejecucion.
[2024-11-14 23:39:30] [ERROR] Conexion_DB: No suitable driver found for jdbc:posgresql://localhost:5432/java
[2024-11-14 23:39:30] [INFO] La aplicacion AplicacionX ha finalizado correctamente.
[2024-11-14 23:40:21] [INFO] La aplicacion AplicacionX ha iniciado correctamente.
[2024-11-14 23:40:21] [INFO] La aplicacion AplicacionX ha comenzado su ejecucion.
[2024-11-14 23:40:21] [WARNING] Conexion_DB: Conexion exitosa
[2024-11-14 23:40:21] [INFO] La aplicacion AplicacionX ha finalizado correctamente.
[2024-11-14 23:52:29] [INFO] La aplicacion AplicacionX ha iniciado correctamente.
[2024-11-14 23:52:29] [INFO] La aplicacion AplicacionX ha comenzado su ejecucion.
[2024-11-14 23:52:29] [WARNING] Conexion_DB: Conexion exitosa
[2024-11-14 23:52:29] [ERROR] Crear_Tabla_empleados: Format specifier '%s'
[2024-11-14 23:52:29] [INFO] La aplicacion AplicacionX ha finalizado correctamente.
[2024-11-14 23:53:51] [INFO] La aplicacion AplicacionX ha iniciado correctamente.
[2024-11-14 23:53:51] [INFO] La aplicacion AplicacionX ha comenzado su ejecucion.
[2024-11-14 23:53:51] [WARNING] Conexion_DB: Conexion exitosa
[2024-11-14 23:53:51] [WARNING] Crear_Tabla_empleados: Tabla Creada empleados Con Exito
[2024-11-14 23:53:51] [INFO] La aplicacion AplicacionX ha finalizado correctamente.
[2024-11-15 08:14:00] [INFO] La aplicacion AplicacionX ha iniciado correctamente.
[2024-11-15 08:14:00] [INFO] La aplicacion AplicacionX ha comenzado su ejecucion.
[2024-11-15 08:14:01] [WARNING] Conexion_DB: Conexion exitosa
[2024-11-15 08:14:01] [ERROR] Creacion_Tabla: No se pueden crear tablas sin columnas.
[2024-11-15 08:14:01] [INFO] La aplicacion AplicacionX ha finalizado correctamente.
[2024-11-15 08:32:02] [INFO] La aplicacion AplicacionX ha iniciado correctamente.
[2024-11-15 08:32:02] [INFO] La aplicacion AplicacionX ha comenzado su ejecucion.
[2024-11-15 08:32:02] [WARNING] Conexion_DB: Conexion exitosa
[2024-11-15 08:32:02] [ERROR] Creacion_Tabla: No se pueden crear tablas sin columnas.
[2024-11-15 08:32:02] [INFO] La aplicacion AplicacionX ha finalizado correctamente.
[2024-11-15 08:33:22] [INFO] La aplicacion AplicacionX ha iniciado correctamente.
[2024-11-15 08:33:22] [INFO] La aplicacion AplicacionX ha comenzado su ejecucion.
[2024-11-15 08:33:23] [WARNING] Conexion_DB: Conexion exitosa
[2024-11-15 08:33:23] [WARNING] Creacion_Tabla: Tabla empleados creada con exito.
[2024-11-15 08:33:23] [INFO] La aplicacion AplicacionX ha finalizado correctamente.
[2024-11-15 08:34:53] [INFO] La aplicacion AplicacionX ha iniciado correctamente.
[2024-11-15 08:34:53] [INFO] La aplicacion AplicacionX ha comenzado su ejecucion.
[2024-11-15 08:34:54] [WARNING] Conexion_DB: Conexion exitosa
[2024-11-15 08:34:54] [WARNING] Creacion_Tabla: Tabla empleados creada con exito.
[2024-11-15 08:34:54] [INFO] La aplicacion AplicacionX ha finalizado correctamente.
[2024-11-15 08:39:08] [INFO] La aplicacion AplicacionX ha iniciado correctamente.
[2024-11-15 08:39:08] [INFO] La aplicacion AplicacionX ha comenzado su ejecucion.
[2024-11-15 08:39:09] [WARNING] Conexion_DB: Conexion exitosa
[2024-11-15 08:39:09] [ERROR] Creacion_Tabla: Error al crear la tabla: ERROR: error de sintaxis en o cerca de «CHECK»
  Position: 146
[2024-11-15 08:39:09] [INFO] La aplicacion AplicacionX ha finalizado correctamente.
[2024-11-15 08:39:28] [INFO] La aplicacion AplicacionX ha iniciado correctamente.
[2024-11-15 08:39:28] [INFO] La aplicacion AplicacionX ha comenzado su ejecucion.
[2024-11-15 08:39:29] [WARNING] Conexion_DB: Conexion exitosa
[2024-11-15 08:39:29] [ERROR] Creacion_Tabla: Error al crear la tabla: ERROR: error de sintaxis en o cerca de «CHECK»
  Position: 146
[2024-11-15 08:39:29] [INFO] La aplicacion AplicacionX ha finalizado correctamente.
[2024-11-15 08:56:52] [INFO] La aplicacion AplicacionX ha iniciado correctamente.
[2024-11-15 08:56:52] [INFO] La aplicacion AplicacionX ha comenzado su ejecucion.
[2024-11-15 08:56:53] [WARNING] Conexion_DB: Conexion exitosa
[2024-11-15 08:56:53] [INFO] La aplicacion AplicacionX ha finalizado correctamente.
[2024-11-15 09:01:03] [INFO] La aplicacion AplicacionX ha iniciado correctamente.
[2024-11-15 09:01:03] [INFO] La aplicacion AplicacionX ha comenzado su ejecucion.
[2024-11-15 09:01:04] [WARNING] Conexion_DB: Conexion exitosa
[2024-11-15 09:01:04] [WARNING] Creacion_Tabla: Tabla empleados creada con exito.

[2024-11-15 09:01:04] [WARNING] Creacion_Tabla: Tabla empleados creada con exito.

[2024-11-15 09:01:04] [INFO] La aplicacion AplicacionX ha finalizado correctamente.
[2024-11-15 09:50:48] [INFO] La aplicacion AplicacionX ha iniciado correctamente.
[2024-11-15 09:50:48] [INFO] La aplicacion AplicacionX ha comenzado su ejecucion.
[2024-11-15 09:50:49] [WARNING] Conexion_DB: Conexion exitosa
[2024-11-15 09:50:49] [WARNING] Creacion_Tabla: Tabla empleados creada con exito.

[2024-11-15 09:50:49] [INFO] La aplicacion AplicacionX ha finalizado correctamente.
[2024-11-15 19:05:31] [INFO] La aplicacion AplicacionX ha iniciado correctamente.
[2024-11-15 19:05:31] [INFO] La aplicacion AplicacionX ha comenzado su ejecucion.
[2024-11-15 19:05:32] [WARNING] Conexion_DB: Conexion exitosa
[2024-11-15 19:05:43] [INFO] Texto: Ingrese el esquema para listar tablas: | Ubicacion: Logica | Tipo: TEXTO | Dato proporcionado: 5
[2024-11-15 19:05:43] [INFO] La aplicacion AplicacionX ha finalizado correctamente.
[2024-11-15 19:07:32] [INFO] La aplicacion AplicacionX ha iniciado correctamente.
[2024-11-15 19:07:32] [INFO] La aplicacion AplicacionX ha comenzado su ejecucion.
[2024-11-15 19:07:33] [WARNING] Conexion_DB: Conexion exitosa
[2024-11-15 19:07:43] [INFO] Texto: Ingrese el esquema para listar tablas: | Ubicacion: Logica | Tipo: TEXTO | Dato proporcionado: e
[2024-11-15 19:07:43] [INFO] La aplicacion AplicacionX ha finalizado correctamente.
[2024-11-15 19:17:32] [INFO] La aplicacion AplicacionX ha iniciado correctamente.
[2024-11-15 19:17:32] [INFO] La aplicacion AplicacionX ha comenzado su ejecucion.
[2024-11-15 19:17:32] [WARNING] Conexion_DB: Conexion exitosa
[2024-11-15 19:17:44] [INFO] Texto: Ingrese el esquema para listar tablas: | Ubicacion: Logica | Tipo: TEXTO | Dato proporcionado: public
[2024-11-15 19:17:44] [INFO] La aplicacion AplicacionX ha finalizado correctamente.
[2024-11-15 19:24:43] [INFO] La aplicacion AplicacionX ha iniciado correctamente.
[2024-11-15 19:24:43] [INFO] La aplicacion AplicacionX ha comenzado su ejecucion.
[2024-11-15 19:24:44] [WARNING] Conexion_DB: Conexion exitosa
[2024-11-15 19:24:48] [INFO] Texto: Ingrese el esquema para listar tablas: | Ubicacion: Logica | Tipo: TEXTO | Dato proporcionado: public
[2024-11-15 19:24:48] [INFO] La aplicacion AplicacionX ha finalizado correctamente.
[2024-11-15 19:28:35] [INFO] La aplicacion AplicacionX ha iniciado correctamente.
[2024-11-15 19:28:35] [INFO] La aplicacion AplicacionX ha comenzado su ejecucion.
[2024-11-15 19:28:35] [WARNING] Conexion_DB: Conexion exitosa
[2024-11-15 19:28:39] [INFO] Texto: Ingrese el esquema para listar tablas: | Ubicacion: Logica | Tipo: TEXTO | Dato proporcionado: public
[2024-11-15 19:28:39] [WARNING] Contenido Faltante: No hay opciones disponibles.
[2024-11-15 19:28:39] [INFO] La aplicacion AplicacionX ha finalizado correctamente.
[2024-11-15 19:31:48] [INFO] La aplicacion AplicacionX ha iniciado correctamente.
[2024-11-15 19:31:48] [INFO] La aplicacion AplicacionX ha comenzado su ejecucion.
[2024-11-15 19:31:49] [WARNING] Conexion_DB: Conexion exitosa
[2024-11-15 19:31:52] [INFO] Texto: Ingrese el esquema para listar tablas: | Ubicacion: Logica | Tipo: TEXTO | Dato proporcionado: public
[2024-11-15 19:31:52] [INFO] La aplicacion AplicacionX ha finalizado correctamente.
[2024-11-16 22:29:11] [INFO] La aplicacion AplicacionX ha iniciado correctamente.
[2024-11-16 22:29:11] [INFO] La aplicacion AplicacionX ha comenzado su ejecucion.
[2024-11-16 22:29:12] [WARNING] Conexion_DB: Conexion exitosa
[2024-11-16 22:29:39] [INFO] Texto: Ingrese el esquema para listar tablas: | Ubicacion: Logica | Tipo: TEXTO | Dato proporcionado: esquemaejemplo1
[2024-11-16 22:29:39] [WARNING] Contenido Faltante: No hay opciones disponibles.
[2024-11-16 22:29:39] [INFO] La aplicacion AplicacionX ha finalizado correctamente.
[2024-11-16 22:30:37] [INFO] La aplicacion AplicacionX ha iniciado correctamente.
[2024-11-16 22:30:37] [INFO] La aplicacion AplicacionX ha comenzado su ejecucion.
[2024-11-16 22:30:37] [WARNING] Conexion_DB: Conexion exitosa
[2024-11-16 22:30:43] [INFO] Texto: Ingrese el esquema para listar tablas: | Ubicacion: Logica | Tipo: TEXTO | Dato proporcionado: public
[2024-11-16 22:30:43] [WARNING] Contenido Faltante: No hay opciones disponibles.
[2024-11-16 22:30:43] [INFO] La aplicacion AplicacionX ha finalizado correctamente.
[2024-11-16 22:34:23] [INFO] La aplicacion AplicacionX ha iniciado correctamente.
[2024-11-16 22:34:23] [INFO] La aplicacion AplicacionX ha comenzado su ejecucion.
[2024-11-16 22:34:23] [WARNING] Conexion_DB: Conexion exitosa
[2024-11-16 22:34:28] [INFO] Texto: Ingrese el esquema para listar tablas: | Ubicacion: Logica | Tipo: TEXTO | Dato proporcionado: 1
[2024-11-16 22:34:28] [WARNING] Contenido Faltante: No hay opciones disponibles.
[2024-11-16 22:34:28] [WARNING] Creacion_Tabla: Tabla empleados creada con exito.

[2024-11-16 22:34:28] [INFO] La aplicacion AplicacionX ha finalizado correctamente.
[2024-11-16 22:52:38] [INFO] La aplicacion AplicacionX ha iniciado correctamente.
[2024-11-16 22:52:38] [INFO] La aplicacion AplicacionX ha comenzado su ejecucion.
[2024-11-16 22:52:38] [WARNING] Conexion_DB: Conexion exitosa
[2024-11-16 22:52:43] [INFO] Texto: Ingrese el esquema para listar tablas: | Ubicacion: Logica | Tipo: TEXTO | Dato proporcionado: 1
[2024-11-16 22:52:43] [WARNING] Contenido Faltante: No hay opciones disponibles.
[2024-11-16 22:52:43] [WARNING] Creacion_Tabla: Tabla empleados creada con exito.

[2024-11-16 22:52:43] [INFO] La aplicacion AplicacionX ha finalizado correctamente.
[2024-11-16 22:55:48] [INFO] La aplicacion AplicacionX ha iniciado correctamente.
[2024-11-16 22:55:48] [INFO] La aplicacion AplicacionX ha comenzado su ejecucion.
[2024-11-16 22:55:48] [WARNING] Conexion_DB: Conexion exitosa
[2024-11-16 22:55:55] [INFO] Texto: Ingrese el esquema para listar tablas: | Ubicacion: Logica | Tipo: TEXTO | Dato proporcionado: public
[2024-11-16 22:55:55] [WARNING] Creacion_Tabla: Tabla empleados creada con exito.

[2024-11-16 22:55:55] [INFO] La aplicacion AplicacionX ha finalizado correctamente.
[2024-11-16 22:57:11] [INFO] La aplicacion AplicacionX ha iniciado correctamente.
[2024-11-16 22:57:11] [INFO] La aplicacion AplicacionX ha comenzado su ejecucion.
[2024-11-16 22:57:11] [WARNING] Conexion_DB: Conexion exitosa
[2024-11-16 22:57:14] [INFO] Texto: Ingrese el esquema para listar tablas: | Ubicacion: Logica | Tipo: TEXTO | Dato proporcionado: public
[2024-11-16 22:57:14] [WARNING] Creacion_Tabla: Tabla empleados creada con exito.

[2024-11-16 22:57:14] [INFO] La aplicacion AplicacionX ha finalizado correctamente.
[2024-11-16 23:00:50] [INFO] La aplicacion AplicacionX ha iniciado correctamente.
[2024-11-16 23:00:50] [INFO] La aplicacion AplicacionX ha comenzado su ejecucion.
[2024-11-16 23:00:50] [WARNING] Conexion_DB: Conexion exitosa
[2024-11-16 23:01:01] [INFO] Texto: Ingrese el esquema para listar tablas: | Ubicacion: Logica | Tipo: TEXTO | Dato proporcionado: esquemaejemplo1
[2024-11-16 23:01:01] [WARNING] Contenido Faltante: No hay opciones disponibles.
[2024-11-16 23:01:01] [WARNING] Creacion_Tabla: Tabla empleados creada con exito.

[2024-11-16 23:01:01] [INFO] La aplicacion AplicacionX ha finalizado correctamente.
[2024-11-17 12:27:03] [INFO] La aplicacion AplicacionX ha iniciado correctamente.
[2024-11-17 12:27:03] [INFO] La aplicacion AplicacionX ha comenzado su ejecucion.
[2024-11-17 12:27:04] [WARNING] Conexion_DB: Conexion exitosa
[2024-11-17 12:27:04] [WARNING] Crear_Esquema: El esquema 'esquemaejemplo1' ha sido creado.
[2024-11-17 12:27:04] [ERROR] Consulta_Simple: Ejecutando la consulta: ERROR: ya existe el esquema «esquemaejemplo1»
[2024-11-17 12:27:30] [INFO] Texto: Ingrese el esquema para listar tablas: | Ubicacion: Logica | Tipo: TEXTO | Dato proporcionado: esquemaejemplo1
[2024-11-17 12:27:30] [WARNING] Contenido Faltante: No hay opciones disponibles.
[2024-11-17 12:27:30] [WARNING] Creacion_Tabla: Tabla 'empleados' creada con exito en el esquema 'esquemaejemplo1'.
[2024-11-17 12:27:30] [WARNING] Renombrar: Tabla 'empleados' Renombrar correctamente.
[2024-11-17 12:27:30] [INFO] La aplicacion AplicacionX ha finalizado correctamente.
[2024-11-17 12:35:35] [INFO] La aplicacion AplicacionX ha iniciado correctamente.
[2024-11-17 12:35:35] [INFO] La aplicacion AplicacionX ha comenzado su ejecucion.
[2024-11-17 12:35:35] [WARNING] Conexion_DB: Conexion exitosa
[2024-11-17 12:35:35] [WARNING] Crear_Esquema: El esquema 'esquemaejemplo1' ha sido creado.
[2024-11-17 12:35:35] [ERROR] Consulta_Simple: Ejecutando la consulta: ERROR: ya existe el esquema «esquemaejemplo1»
[2024-11-17 12:35:43] [INFO] Texto: Ingrese el esquema para listar tablas: | Ubicacion: Logica | Tipo: TEXTO | Dato proporcionado: esquemaejemplo1
[2024-11-17 12:35:43] [WARNING] Creacion_Tabla: Tabla 'empleados' creada con exito en el esquema 'esquemaejemplo1'.
[2024-11-17 12:35:43] [WARNING] Tabla_Renombrada: Tabla 'empleados' renombrada a 'esquemaejemplo1' correctamente.
[2024-11-17 12:35:43] [ERROR] Renombrar: Al Renombrar la tabla 'empleados': ERROR: la relación «trabajadores» ya existe
[2024-11-17 12:35:43] [WARNING] Eliminar columna: Tabla 'trabajadores' Eliminar columna correctamente.
[2024-11-17 12:35:43] [ERROR] Modificar columna: Al Modificar columna la tabla 'trabajadores': ERROR: no existe el tipo «nombrecompleto»
[2024-11-17 12:35:43] [INFO] La aplicacion AplicacionX ha finalizado correctamente.
[2024-11-17 12:37:32] [INFO] La aplicacion AplicacionX ha iniciado correctamente.
[2024-11-17 12:37:32] [INFO] La aplicacion AplicacionX ha comenzado su ejecucion.
[2024-11-17 12:37:33] [WARNING] Conexion_DB: Conexion exitosa
[2024-11-17 12:37:33] [WARNING] Crear_Esquema: El esquema 'esquemaejemplo1' ha sido creado.
[2024-11-17 12:37:33] [ERROR] Consulta_Simple: Ejecutando la consulta: ERROR: ya existe el esquema «esquemaejemplo1»
[2024-11-17 12:37:37] [INFO] Texto: Ingrese el esquema para listar tablas: | Ubicacion: Logica | Tipo: TEXTO | Dato proporcionado: public
[2024-11-17 12:37:38] [WARNING] Creacion_Tabla: Tabla 'empleados' creada con exito en el esquema 'esquemaejemplo1'.
[2024-11-17 12:37:38] [WARNING] Tabla_Renombrada: Tabla 'empleados' renombrada a 'esquemaejemplo1' correctamente.
[2024-11-17 12:37:38] [WARNING] Eliminar columna: Tabla 'trabajadores' Eliminar columna correctamente.
[2024-11-17 12:37:38] [ERROR] Modificar columna: Al Modificar columna la tabla 'trabajadores': ERROR: no existe el tipo «nombrecompleto»
[2024-11-17 12:37:38] [INFO] La aplicacion AplicacionX ha finalizado correctamente.
[2024-11-17 12:45:44] [INFO] La aplicacion AplicacionX ha iniciado correctamente.
[2024-11-17 12:45:44] [INFO] La aplicacion AplicacionX ha comenzado su ejecucion.
[2024-11-17 12:45:45] [WARNING] Conexion_DB: Conexion exitosa
[2024-11-17 12:45:45] [WARNING] Crear_Esquema: El esquema 'esquemaejemplo1' ha sido creado.
[2024-11-17 12:45:45] [ERROR] Consulta_Simple: Ejecutando la consulta: ERROR: ya existe el esquema «esquemaejemplo1»
[2024-11-17 12:45:54] [INFO] Texto: Ingrese el esquema para listar tablas: | Ubicacion: Logica | Tipo: TEXTO | Dato proporcionado: esquemaejemplo1
[2024-11-17 12:45:54] [WARNING] Creacion_Tabla: Tabla 'empleados' creada con exito en el esquema 'esquemaejemplo1'.
[2024-11-17 12:45:54] [WARNING] Tabla_Renombrada: Tabla 'empleados' renombrada a 'esquemaejemplo1' correctamente.
[2024-11-17 12:45:54] [ERROR] Renombrar: Al Renombrar la tabla 'empleados': ERROR: la relación «trabajadores» ya existe
[2024-11-17 12:45:54] [ERROR] Eliminar columna: Al Eliminar columna la tabla 'trabajadores': ERROR: no existe la columna «pago» en la relación «trabajadores»
[2024-11-17 12:45:54] [WARNING] Modificar columna: Tabla 'trabajadores' Modificar columna correctamente.
[2024-11-17 12:45:54] [INFO] La aplicacion AplicacionX ha finalizado correctamente.
